Arguments: 
  /Users/tolulopeedionwe/.nvm/versions/node/v8.11.1/bin/node /usr/local/Cellar/yarn/1.17.3/libexec/bin/yarn.js add express express-graphql graphql mongoose

PATH: 
  /Users/tolulopeedionwe/.rbenv/shims:/Users/tolulopeedionwe/Workspace/weekenD/mong/mongodb-osx-x86_64-4.0.10/bin:/usr/local/Cellar/pyenv-virtualenv/1.1.1/shims:/Users/tolulopeedionwe/.pyenv/shims:/Users/tolulopeedionwe/.nvm/versions/node/v8.11.1/bin:/usr/local/bin:/Users/tolulopeedionwe/.bin:/usr/local/bin:/usr/bin:/bin:/usr/sbin:/sbin:/Users/tolulopeedionwe/Library/Android/sdk/emulator:/Users/tolulopeedionwe/Library/Android/sdk/tools:/Users/tolulopeedionwe/Library/Android/sdk/tools/bin:/Users/tolulopeedionwe/Library/Android/sdk/platform-tools

Yarn version: 
  1.17.3

Node version: 
  8.11.1

Platform: 
  darwin x64

Trace: 
  SyntaxError: /Users/tolulopeedionwe/Workspace/weekenD/seedy/package.json: Unexpected token } in JSON at position 162
      at JSON.parse (<anonymous>)
      at /usr/local/Cellar/yarn/1.17.3/libexec/lib/cli.js:1625:59
      at Generator.next (<anonymous>)
      at step (/usr/local/Cellar/yarn/1.17.3/libexec/lib/cli.js:304:30)
      at /usr/local/Cellar/yarn/1.17.3/libexec/lib/cli.js:315:13
      at <anonymous>

npm manifest: 
  {
    "name": "seedy",
    "version": "1.0.0",
    "description": "",
    "main": "index.js",
    "scripts": {
      "test": "echo \"Error: no test specified\" && exit 1",
    },
    "keywords": [],
    "author": "",
    "license": "ISC",
    "dependencies": {},
    "devDependencies": {}
  }

yarn manifest: 
  No manifest

Lockfile: 
  # THIS IS AN AUTOGENERATED FILE. DO NOT EDIT THIS FILE DIRECTLY.
  # yarn lockfile v1
